{
  "RSpec": {
    "coverage": {
      "/Users/noahramey/Desktop/vinylstream/spec/features/all_items_pages_spec.rb": [
        1,
        null,
        1,
        1,
        1,
        1,
        1,
        1,
        1,
        1,
        null,
        null
      ],
      "/Users/noahramey/Desktop/vinylstream/spec/rails_helper.rb": [
        1,
        1,
        1,
        1,
        1,
        1,
        null,
        1,
        1,
        null,
        1,
        null,
        1,
        null,
        1,
        null,
        1,
        null,
        1,
        null,
        null,
        null,
        1,
        1,
        null,
        null,
        1,
        9,
        9,
        null,
        null,
        null,
        1,
        null,
        1,
        null,
        1,
        null,
        null,
        1,
        1,
        1,
        1,
        null,
        null
      ],
      "/Users/noahramey/Desktop/vinylstream/config/environment.rb": [
        null,
        1,
        null,
        null,
        1
      ],
      "/Users/noahramey/Desktop/vinylstream/config/application.rb": [
        1,
        null,
        1,
        null,
        1,
        1,
        1,
        1,
        1,
        1,
        1,
        1,
        null,
        null,
        null,
        null,
        1,
        null,
        1,
        1,
        null,
        null,
        null,
        null,
        null
      ],
      "/Users/noahramey/Desktop/vinylstream/config/boot.rb": [
        1,
        null,
        1
      ],
      "/Users/noahramey/Desktop/vinylstream/config/spring.rb": [
        null,
        null,
        null,
        null,
        null,
        5
      ],
      "/Users/noahramey/Desktop/vinylstream/config/environments/test.rb": [
        1,
        null,
        null,
        null,
        null,
        null,
        null,
        1,
        null,
        null,
        null,
        null,
        1,
        null,
        null,
        1,
        1,
        null,
        null,
        null,
        null,
        1,
        1,
        null,
        null,
        1,
        null,
        null,
        1,
        1,
        null,
        null,
        null,
        null,
        1,
        null,
        null,
        1,
        null,
        null,
        null,
        null
      ],
      "/Users/noahramey/Desktop/vinylstream/config/initializers/application_controller_renderer.rb": [
        null,
        null,
        null,
        null,
        null,
        null
      ],
      "/Users/noahramey/Desktop/vinylstream/config/initializers/assets.rb": [
        null,
        null,
        null,
        1,
        null,
        null,
        null,
        null,
        null,
        null,
        null
      ],
      "/Users/noahramey/Desktop/vinylstream/config/initializers/backtrace_silencers.rb": [
        null,
        null,
        null,
        null,
        null,
        null,
        null
      ],
      "/Users/noahramey/Desktop/vinylstream/config/initializers/cookies_serializer.rb": [
        null,
        null,
        null,
        null,
        1
      ],
      "/Users/noahramey/Desktop/vinylstream/config/initializers/devise.rb": [
        null,
        null,
        1,
        null,
        null,
        null,
        null,
        null,
        null,
        null,
        null,
        null,
        null,
        null,
        1,
        null,
        null,
        null,
        null,
        null,
        null,
        null,
        null,
        null,
        null,
        null,
        1,
        null,
        null,
        null,
        null,
        null,
        null,
        null,
        null,
        null,
        null,
        null,
        null,
        null,
        null,
        null,
        null,
        null,
        null,
        null,
        null,
        null,
        1,
        null,
        null,
        null,
        null,
        1,
        null,
        null,
        null,
        null,
        null,
        null,
        null,
        null,
        null,
        null,
        null,
        null,
        null,
        null,
        null,
        null,
        null,
        null,
        null,
        null,
        null,
        null,
        null,
        null,
        null,
        null,
        null,
        null,
        null,
        null,
        1,
        null,
        null,
        null,
        null,
        null,
        null,
        null,
        null,
        null,
        null,
        null,
        null,
        null,
        null,
        null,
        null,
        null,
        null,
        null,
        null,
        null,
        null,
        1,
        null,
        null,
        null,
        null,
        null,
        null,
        null,
        null,
        null,
        null,
        null,
        null,
        null,
        null,
        null,
        null,
        null,
        null,
        null,
        null,
        null,
        null,
        null,
        null,
        null,
        null,
        null,
        1,
        null,
        null,
        null,
        null,
        null,
        null,
        null,
        null,
        null,
        1,
        null,
        null,
        null,
        null,
        null,
        null,
        null,
        null,
        null,
        null,
        1,
        null,
        null,
        null,
        null,
        1,
        null,
        null,
        null,
        null,
        null,
        null,
        null,
        null,
        null,
        null,
        null,
        null,
        null,
        null,
        null,
        null,
        null,
        null,
        null,
        null,
        null,
        null,
        null,
        null,
        null,
        null,
        null,
        null,
        null,
        null,
        null,
        null,
        null,
        null,
        null,
        null,
        null,
        null,
        null,
        null,
        1,
        null,
        null,
        null,
        null,
        null,
        null,
        null,
        null,
        null,
        null,
        null,
        null,
        null,
        null,
        null,
        null,
        null,
        null,
        null,
        null,
        null,
        null,
        null,
        null,
        null,
        null,
        null,
        null,
        null,
        null,
        null,
        null,
        null,
        null,
        null,
        null,
        null,
        null,
        null,
        null,
        null,
        1,
        null,
        null,
        null,
        null,
        null,
        null,
        null,
        null,
        null,
        null,
        null,
        null,
        null,
        null,
        null,
        null,
        null,
        null,
        null,
        null,
        null,
        null,
        null,
        null,
        null,
        null,
        null,
        null,
        null
      ],
      "/Users/noahramey/Desktop/vinylstream/config/initializers/filter_parameter_logging.rb": [
        null,
        null,
        null,
        1
      ],
      "/Users/noahramey/Desktop/vinylstream/config/initializers/inflections.rb": [
        null,
        null,
        null,
        null,
        null,
        null,
        null,
        null,
        null,
        null,
        null,
        null,
        null,
        null,
        null,
        null
      ],
      "/Users/noahramey/Desktop/vinylstream/config/initializers/mime_types.rb": [
        null,
        null,
        null,
        null
      ],
      "/Users/noahramey/Desktop/vinylstream/config/initializers/new_framework_defaults.rb": [
        null,
        null,
        null,
        null,
        null,
        null,
        null,
        1,
        null,
        null,
        1,
        null,
        null,
        null,
        1,
        null,
        null,
        1,
        null,
        null,
        1,
        null,
        null,
        1
      ],
      "/Users/noahramey/Desktop/vinylstream/config/initializers/session_store.rb": [
        null,
        null,
        1
      ],
      "/Users/noahramey/Desktop/vinylstream/config/initializers/wrap_parameters.rb": [
        null,
        null,
        null,
        null,
        null,
        null,
        1,
        2,
        null,
        null,
        null,
        null,
        null,
        null
      ],
      "/Users/noahramey/Desktop/vinylstream/spec/factories.rb": [
        1,
        1,
        1,
        1,
        1,
        1,
        null,
        1,
        1,
        1,
        1,
        1,
        null,
        1,
        1,
        1,
        null,
        null,
        null
      ],
      "/Users/noahramey/Desktop/vinylstream/config/routes.rb": [
        1,
        1,
        1,
        1,
        null,
        1,
        null,
        1,
        null,
        null
      ],
      "/Users/noahramey/Desktop/vinylstream/app/models/user.rb": [
        1,
        1,
        null,
        null,
        null,
        1,
        null,
        null
      ],
      "/Users/noahramey/Desktop/vinylstream/app/models/application_record.rb": [
        1,
        1,
        null
      ],
      "/Users/noahramey/Desktop/vinylstream/app/helpers/accounts_helper.rb": [
        1,
        null
      ],
      "/Users/noahramey/Desktop/vinylstream/app/helpers/application_helper.rb": [
        1,
        null
      ],
      "/Users/noahramey/Desktop/vinylstream/app/helpers/items_helper.rb": [
        1,
        null
      ],
      "/Users/noahramey/Desktop/vinylstream/spec/features/delete_item_pages_spec.rb": [
        1,
        null,
        1,
        1,
        1,
        1,
        1,
        1,
        1,
        1,
        1,
        null,
        null
      ],
      "/Users/noahramey/Desktop/vinylstream/spec/features/new_account_pages_spec.rb": [
        1,
        null,
        1,
        1,
        1,
        1,
        1,
        1,
        1,
        1,
        1,
        1,
        1,
        null,
        null,
        1,
        1,
        1,
        null,
        null
      ],
      "/Users/noahramey/Desktop/vinylstream/spec/features/new_item_pages_spec.rb": [
        1,
        null,
        1,
        1,
        1,
        1,
        1,
        1,
        1,
        1,
        1,
        1,
        1,
        1,
        null,
        null,
        null
      ],
      "/Users/noahramey/Desktop/vinylstream/spec/models/account_spec.rb": [
        1,
        null,
        1,
        2,
        2,
        null
      ],
      "/Users/noahramey/Desktop/vinylstream/app/models/account.rb": [
        1,
        1,
        1,
        null,
        1,
        1,
        null,
        1,
        null,
        null,
        null,
        null,
        null,
        1,
        null
      ],
      "/Users/noahramey/Desktop/vinylstream/spec/models/item_spec.rb": [
        1,
        null,
        1,
        2,
        null
      ],
      "/Users/noahramey/Desktop/vinylstream/app/models/item.rb": [
        1,
        1,
        null
      ],
      "/Users/noahramey/Desktop/vinylstream/spec/models/user_spec.rb": [
        1,
        null,
        1,
        2,
        null
      ],
      "/Users/noahramey/Desktop/vinylstream/app/controllers/items_controller.rb": [
        1,
        1,
        1,
        null,
        null,
        1,
        1,
        1,
        1,
        1,
        1,
        2,
        1,
        null,
        null,
        null,
        null,
        1,
        1,
        1,
        1,
        null,
        1,
        1,
        1,
        2,
        null,
        null,
        null,
        1,
        null,
        1,
        1,
        null,
        null
      ],
      "/Users/noahramey/Desktop/vinylstream/app/controllers/application_controller.rb": [
        1,
        1,
        null
      ],
      "/Users/noahramey/Desktop/vinylstream/app/controllers/accounts_controller.rb": [
        1,
        1,
        4,
        null,
        null,
        1,
        2,
        1,
        null,
        1,
        1,
        null,
        null,
        null,
        1,
        1,
        1,
        1,
        1,
        null,
        null,
        null,
        1,
        null,
        1,
        1,
        null,
        null
      ],
      "/Users/noahramey/Desktop/vinylstream/app/controllers/home_controller.rb": [
        1,
        1,
        2,
        1,
        1,
        null,
        null,
        null,
        null
      ]
    },
    "timestamp": 1475520816
  }
}
